#
# A fatal error has been detected by the Java Runtime Environment:
#
#  EXCEPTION_ACCESS_VIOLATION (0xc0000005) at pc=0x0000000074fc8561, pid=6248, tid=5732
#
# JRE version: Java(TM) SE Runtime Environment (8.0_45-b14) (build 1.8.0_45-b14)
# Java VM: Java HotSpot(TM) 64-Bit Server VM (25.45-b02 mixed mode windows-amd64 compressed oops)
# Problematic frame:
# V  [jvm.dll+0x508561]
#
# Failed to write core dump. Minidumps are not enabled by default on client versions of Windows
#
# If you would like to submit a bug report, please visit:
#   http://bugreport.java.com/bugreport/crash.jsp
#

---------------  T H R E A D  ---------------

Current thread (0x000000005556b000):  JavaThread "C2 CompilerThread1" daemon [_thread_in_native, id=5732, stack(0x0000000056890000,0x0000000056990000)]

siginfo: ExceptionCode=0xc0000005, reading address 0x000000022cd6fca0

Registers:
RAX=0x0000000058f3c020, RBX=0x0000000000000001, RCX=0x0000000074f8cf20, RDX=0x000000007513ee08
RSP=0x000000005698c0e0, RBP=0x000000005698c1e0, RSI=0x0000000000000001, RDI=0x000000005791f260
R8 =0x0000000000000107, R9 =0x0000000000000107, R10=0x0000000000000005, R11=0x00000000000001a4
R12=0x000000005791f270, R13=0x0000000058af1900, R14=0x000000005698c7d0, R15=0x0000000057ada8b8
RIP=0x0000000074fc8561, EFLAGS=0x0000000000010202

Top of Stack: (sp=0x000000005698c0e0)
0x000000005698c0e0:   0000000000000001 0000000000000001
0x000000005698c0f0:   000000007528f930 000000005698c1e0
0x000000005698c100:   0000000000000001 0000000000000c96
0x000000005698c110:   0000000000000001 0000000058ed4000
0x000000005698c120:   000000005698c320 0000000000000003
0x000000005698c130:   0000000000000001 000000005791f260
0x000000005698c140:   0000000000000002 0000000000000002
0x000000005698c150:   0000000057b5fbb9 0000000200000069
0x000000005698c160:   00000be700000000 000000005698c4b0
0x000000005698c170:   000000000000000f 000000005883fd90
0x000000005698c180:   0000000000000002 00000be700000069
0x000000005698c190:   000000005698c4b0 000000000000000f
0x000000005698c1a0:   000000005883cdf0 00000000000009bd
0x000000005698c1b0:   0000000058af1900 0000000056e8d2d0
0x000000005698c1c0:   ffffffffa84a0800 00000000000003d8
0x000000005698c1d0:   0000000056e8d6a8 0000000056e8d2c0 

Instructions: (pc=0x0000000074fc8561)
0x0000000074fc8541:   e0 01 4c 89 6d d0 89 45 00 74 64 8b d8 49 8b 47
0x0000000074fc8551:   08 48 8b 14 d8 49 8b 86 28 01 00 00 48 63 4a 28
0x0000000074fc8561:   44 3b 04 88 75 49 49 8b cf e8 61 a6 ff ff 4d 8b
0x0000000074fc8571:   5f 08 49 8b 0c db 48 85 c9 74 29 4c 8b 41 10 4d 


Register to memory mapping:

RAX=0x0000000058f3c020 is an unknown value
RBX=0x0000000000000001 is an unknown value
RCX=0x0000000074f8cf20 is an unknown value
RDX=0x000000007513ee08 is an unknown value
RSP=0x000000005698c0e0 is pointing into the stack for thread: 0x000000005556b000
RBP=0x000000005698c1e0 is pointing into the stack for thread: 0x000000005556b000
RSI=0x0000000000000001 is an unknown value
RDI=0x000000005791f260 is an unknown value
R8 =0x0000000000000107 is an unknown value
R9 =0x0000000000000107 is an unknown value
R10=0x0000000000000005 is an unknown value
R11=0x00000000000001a4 is an unknown value
R12=0x000000005791f270 is an unknown value
R13=0x0000000058af1900 is an unknown value
R14=0x000000005698c7d0 is pointing into the stack for thread: 0x000000005556b000
R15=0x0000000057ada8b8 is an unknown value


Stack: [0x0000000056890000,0x0000000056990000],  sp=0x000000005698c0e0,  free space=1008k
Native frames: (J=compiled Java code, j=interpreted, Vv=VM code, C=native code)
V  [jvm.dll+0x508561]
V  [jvm.dll+0x45f646]
V  [jvm.dll+0x46a73b]
V  [jvm.dll+0x46cd52]
V  [jvm.dll+0x4500f2]
V  [jvm.dll+0xa4352]
V  [jvm.dll+0xa4c8f]
V  [jvm.dll+0x241984]
V  [jvm.dll+0x29853a]
C  [msvcr100.dll+0x21d9f]
C  [msvcr100.dll+0x21e3b]
C  [kernel32.dll+0x1652d]
C  [ntdll.dll+0x2c521]


Current CompileTask:
C2:   6552 1583   !   4       com.android.dx.cf.code.BytecodeArray::parseInstruction (2764 bytes)


---------------  P R O C E S S  ---------------

Java Threads: ( => current thread )
  0x000000005720c800 JavaThread "pool-1-thread-4" [_thread_blocked, id=6396, stack(0x0000000058440000,0x0000000058540000)]
  0x0000000057209800 JavaThread "pool-1-thread-3" [_thread_blocked, id=6244, stack(0x00000000572d0000,0x00000000573d0000)]
  0x000000005716e000 JavaThread "pool-1-thread-2" [_thread_blocked, id=5416, stack(0x00000000581d0000,0x00000000582d0000)]
  0x000000005716d800 JavaThread "pool-2-thread-1" [_thread_blocked, id=6032, stack(0x0000000057fb0000,0x00000000580b0000)]
  0x000000005716b800 JavaThread "pool-1-thread-1" [_thread_blocked, id=6416, stack(0x0000000057ea0000,0x0000000057fa0000)]
  0x000000005556e800 JavaThread "Service Thread" daemon [_thread_blocked, id=6664, stack(0x00000000573e0000,0x00000000574e0000)]
  0x000000005556c000 JavaThread "C1 CompilerThread2" daemon [_thread_blocked, id=4000, stack(0x0000000056ac0000,0x0000000056bc0000)]
=>0x000000005556b000 JavaThread "C2 CompilerThread1" daemon [_thread_in_native, id=5732, stack(0x0000000056890000,0x0000000056990000)]
  0x0000000055567000 JavaThread "C2 CompilerThread0" daemon [_thread_in_native, id=6576, stack(0x0000000056d70000,0x0000000056e70000)]
  0x0000000055562800 JavaThread "Attach Listener" daemon [_thread_blocked, id=6948, stack(0x0000000056bc0000,0x0000000056cc0000)]
  0x0000000055561000 JavaThread "Signal Dispatcher" daemon [_thread_blocked, id=6516, stack(0x0000000056620000,0x0000000056720000)]
  0x0000000055501800 JavaThread "Finalizer" daemon [_thread_blocked, id=4916, stack(0x0000000056990000,0x0000000056a90000)]
  0x0000000055500000 JavaThread "Reference Handler" daemon [_thread_blocked, id=6912, stack(0x0000000056720000,0x0000000056820000)]
  0x000000000260f000 JavaThread "main" [_thread_in_native, id=6556, stack(0x0000000002670000,0x0000000002770000)]

Other Threads:
  0x00000000554fa800 VMThread [stack: 0x00000000564f0000,0x00000000565f0000] [id=4076]
  0x0000000056e71000 WatcherThread [stack: 0x0000000057510000,0x0000000057610000] [id=808]

VM state:not at safepoint (normal execution)

VM Mutex/Monitor currently owned by a thread: None

Heap:
 PSYoungGen      total 70656K, used 15756K [0x00000000eab00000, 0x00000000ef500000, 0x0000000100000000)
  eden space 65536K, 16% used [0x00000000eab00000,0x00000000eb56aff8,0x00000000eeb00000)
  from space 5120K, 99% used [0x00000000ef000000,0x00000000ef4f8038,0x00000000ef500000)
  to   space 5120K, 0% used [0x00000000eeb00000,0x00000000eeb00000,0x00000000ef000000)
 ParOldGen       total 86016K, used 4879K [0x00000000c0000000, 0x00000000c5400000, 0x00000000eab00000)
  object space 86016K, 5% used [0x00000000c0000000,0x00000000c04c3f70,0x00000000c5400000)
 Metaspace       used 6143K, capacity 7088K, committed 7296K, reserved 1056768K
  class space    used 593K, capacity 616K, committed 640K, reserved 1048576K

Card table byte_map: [0x0000000011ee0000,0x00000000120f0000] byte_map_base: 0x00000000118e0000

Marking Bits: (ParMarkBitMap*) 0x00000000752c4040
 Begin Bits: [0x0000000012970000, 0x0000000013970000)
 End Bits:   [0x0000000013970000, 0x0000000014970000)

Polling page: 0x0000000000250000

CodeCache: size=245760Kb used=6865Kb max_used=6886Kb free=238894Kb
 bounds [0x0000000002b20000, 0x00000000031e0000, 0x0000000011b20000]
 total_blobs=1884 nmethods=1616 adapters=182
 compilation: enabled

Compilation events (10 events):
Event: 6.406 Thread 0x000000005556c000 1612       3       com.android.dx.rop.code.ThrowingInsn::<init> (49 bytes)
Event: 6.406 Thread 0x000000005556c000 nmethod 1612 0x00000000031c8c90 code [0x00000000031c8e20, 0x00000000031c9268]
Event: 6.406 Thread 0x000000005556c000 1613       3       com.android.dx.rop.code.ThrowingInsn::withNewRegisters (21 bytes)
Event: 6.406 Thread 0x000000005556c000 nmethod 1613 0x00000000031c9410 code [0x00000000031c9580, 0x00000000031c9888]
Event: 6.407 Thread 0x000000005556c000 1614       3       com.android.dx.cf.code.ByteCatchList$Item::getExceptionClass (18 bytes)
Event: 6.408 Thread 0x000000005556c000 nmethod 1614 0x00000000031c2010 code [0x00000000031c2160, 0x00000000031c2310]
Event: 6.410 Thread 0x000000005556c000 1615       1       com.android.dx.rop.code.ThrowingInsn::getCatches (5 bytes)
Event: 6.410 Thread 0x000000005556c000 nmethod 1615 0x00000000031c9950 code [0x00000000031c9aa0, 0x00000000031c9bb0]
Event: 6.411 Thread 0x000000005556c000 1616       3       com.android.dx.rop.code.ThrowingInsn::accept (8 bytes)
Event: 6.411 Thread 0x000000005556c000 nmethod 1616 0x00000000031c9c10 code [0x00000000031c9d80, 0x00000000031c9fa8]

GC Heap History (4 events):
Event: 3.650 GC heap before
{Heap before GC invocations=1 (full 0):
 PSYoungGen      total 37888K, used 32768K [0x00000000eab00000, 0x00000000ed500000, 0x0000000100000000)
  eden space 32768K, 100% used [0x00000000eab00000,0x00000000ecb00000,0x00000000ecb00000)
  from space 5120K, 0% used [0x00000000ed000000,0x00000000ed000000,0x00000000ed500000)
  to   space 5120K, 0% used [0x00000000ecb00000,0x00000000ecb00000,0x00000000ed000000)
 ParOldGen       total 86016K, used 0K [0x00000000c0000000, 0x00000000c5400000, 0x00000000eab00000)
  object space 86016K, 0% used [0x00000000c0000000,0x00000000c0000000,0x00000000c5400000)
 Metaspace       used 5983K, capacity 6960K, committed 7040K, reserved 1056768K
  class space    used 592K, capacity 616K, committed 640K, reserved 1048576K
Event: 3.939 GC heap after
Heap after GC invocations=1 (full 0):
 PSYoungGen      total 37888K, used 5113K [0x00000000eab00000, 0x00000000ef500000, 0x0000000100000000)
  eden space 32768K, 0% used [0x00000000eab00000,0x00000000eab00000,0x00000000ecb00000)
  from space 5120K, 99% used [0x00000000ecb00000,0x00000000ecffe758,0x00000000ed000000)
  to   space 5120K, 0% used [0x00000000ef000000,0x00000000ef000000,0x00000000ef500000)
 ParOldGen       total 86016K, used 713K [0x00000000c0000000, 0x00000000c5400000, 0x00000000eab00000)
  object space 86016K, 0% used [0x00000000c0000000,0x00000000c00b27d8,0x00000000c5400000)
 Metaspace       used 5983K, capacity 6960K, committed 7040K, reserved 1056768K
  class space    used 592K, capacity 616K, committed 640K, reserved 1048576K
}
Event: 6.214 GC heap before
{Heap before GC invocations=2 (full 0):
 PSYoungGen      total 37888K, used 37881K [0x00000000eab00000, 0x00000000ef500000, 0x0000000100000000)
  eden space 32768K, 100% used [0x00000000eab00000,0x00000000ecb00000,0x00000000ecb00000)
  from space 5120K, 99% used [0x00000000ecb00000,0x00000000ecffe758,0x00000000ed000000)
  to   space 5120K, 0% used [0x00000000ef000000,0x00000000ef000000,0x00000000ef500000)
 ParOldGen       total 86016K, used 713K [0x00000000c0000000, 0x00000000c5400000, 0x00000000eab00000)
  object space 86016K, 0% used [0x00000000c0000000,0x00000000c00b27d8,0x00000000c5400000)
 Metaspace       used 6136K, capacity 7088K, committed 7296K, reserved 1056768K
  class space    used 593K, capacity 616K, committed 640K, reserved 1048576K
Event: 6.240 GC heap after
Heap after GC invocations=2 (full 0):
 PSYoungGen      total 70656K, used 5088K [0x00000000eab00000, 0x00000000ef500000, 0x0000000100000000)
  eden space 65536K, 0% used [0x00000000eab00000,0x00000000eab00000,0x00000000eeb00000)
  from space 5120K, 99% used [0x00000000ef000000,0x00000000ef4f8038,0x00000000ef500000)
  to   space 5120K, 0% used [0x00000000eeb00000,0x00000000eeb00000,0x00000000ef000000)
 ParOldGen       total 86016K, used 4879K [0x00000000c0000000, 0x00000000c5400000, 0x00000000eab00000)
  object space 86016K, 5% used [0x00000000c0000000,0x00000000c04c3f70,0x00000000c5400000)
 Metaspace       used 6136K, capacity 7088K, committed 7296K, reserved 1056768K
  class space    used 593K, capacity 616K, committed 640K, reserved 1048576K
}

Deoptimization events (10 events):
Event: 4.617 Thread 0x000000005716e000 Uncommon trap: reason=bimorphic action=maybe_recompile pc=0x000000000304657c method=com.android.dx.cf.code.BytecodeArray.parseInstruction(ILcom/android/dx/cf/code/BytecodeArray$Visitor;)I @ 2484
Event: 4.618 Thread 0x000000005716e000 Uncommon trap: reason=bimorphic action=maybe_recompile pc=0x000000000304657c method=com.android.dx.cf.code.BytecodeArray.parseInstruction(ILcom/android/dx/cf/code/BytecodeArray$Visitor;)I @ 2484
Event: 4.665 Thread 0x000000005716e000 Uncommon trap: reason=unstable_if action=reinterpret pc=0x000000000309b420 method=com.android.dx.ssa.SCCP.simulateBranch(Lcom/android/dx/ssa/SsaInsn;)V @ 107
Event: 5.091 Thread 0x0000000057209800 Uncommon trap: reason=unstable_if action=reinterpret pc=0x0000000002e62984 method=com.android.dx.rop.cst.Constant.compareTo(Lcom/android/dx/rop/cst/Constant;)I @ 12
Event: 5.113 Thread 0x0000000057209800 Uncommon trap: reason=unstable_if action=reinterpret pc=0x00000000030dd398 method=com.android.dx.rop.code.RegisterSpecSet.localItemToSpec(Lcom/android/dx/rop/code/LocalItem;)Lcom/android/dx/rop/code/RegisterSpec; @ 35
Event: 5.342 Thread 0x000000005716e000 Uncommon trap: reason=class_check action=maybe_recompile pc=0x0000000003046284 method=com.android.dx.cf.code.BytecodeArray.parseInstruction(ILcom/android/dx/cf/code/BytecodeArray$Visitor;)I @ 2281
Event: 5.342 Thread 0x000000005716e000 Uncommon trap: reason=class_check action=maybe_recompile pc=0x0000000003046284 method=com.android.dx.cf.code.BytecodeArray.parseInstruction(ILcom/android/dx/cf/code/BytecodeArray$Visitor;)I @ 2281
Event: 5.381 Thread 0x0000000057209800 Uncommon trap: reason=class_check action=maybe_recompile pc=0x0000000003046284 method=com.android.dx.cf.code.BytecodeArray.parseInstruction(ILcom/android/dx/cf/code/BytecodeArray$Visitor;)I @ 2281
Event: 5.383 Thread 0x0000000057209800 Uncommon trap: reason=class_check action=maybe_recompile pc=0x0000000003046284 method=com.android.dx.cf.code.BytecodeArray.parseInstruction(ILcom/android/dx/cf/code/BytecodeArray$Visitor;)I @ 2281
Event: 6.199 Thread 0x000000005716e000 Uncommon trap: reason=unstable_if action=reinterpret pc=0x000000000313e4a8 method=com.android.dx.util.BitIntSet.has(I)Z @ 8

Internal exceptions (4 events):
Event: 0.250 Thread 0x000000000260f000 Exception <a 'java/lang/NoSuchMethodError': Method sun.misc.Unsafe.defineClass(Ljava/lang/String;[BII)Ljava/lang/Class; name or signature does not match> (0x00000000eab0d480) thrown at [C:\re\workspace\8-2-build-windows-amd64-cygwin\jdk8u45\3457\hotspot\srs)–€Ð?
Event: 0.250 Thread 0x000000000260f000 Exception <a 'java/lang/NoSuchMethodError': Method sun.misc.Unsafe.prefetchRead(Ljava/lang/Object;J)V name or signature does not match> (0x00000000eab0d710) thrown at [C:\re\workspace\8-2-build-windows-amd64-cygwin\jdk8u45\3457\hotspot\src\share\vm\prims\jðRfâˆBþ?
Event: 1.891 Thread 0x000000000260f000 Implicit null exception at 0x0000000002e12092 to 0x0000000002e12191
Event: 3.106 Thread 0x000000005716b800 Implicit null exception at 0x0000000002e38698 to 0x0000000002e3b4d9

Events (10 events):
Event: 5.383 Thread 0x0000000057209800 DEOPT UNPACKING pc=0x0000000002b6582a sp=0x00000000573ce7c8 mode 2
Event: 6.119 loading class com/android/dx/cf/attrib/AttExceptions
Event: 6.119 loading class com/android/dx/cf/attrib/AttExceptions done
Event: 6.182 loading class com/android/dx/rop/code/RegisterSpec$1
Event: 6.182 loading class com/android/dx/rop/code/RegisterSpec$1 done
Event: 6.199 Thread 0x000000005716e000 Uncommon trap: trap_request=0xffffff65 fr.pc=0x000000000313e4a8
Event: 6.199 Thread 0x000000005716e000 DEOPT PACKING pc=0x000000000313e4a8 sp=0x00000000582ce960
Event: 6.199 Thread 0x000000005716e000 DEOPT UNPACKING pc=0x0000000002b6582a sp=0x00000000582ce888 mode 2
Event: 6.214 Executing VM operation: ParallelGCFailedAllocation
Event: 6.240 Executing VM operation: ParallelGCFailedAllocation done


Dynamic libraries:
0x000000013fff0000 - 0x0000000140027000 	C:\Program Files\Java\jdk1.8.0_45\bin\java.exe
0x0000000077b80000 - 0x0000000077d29000 	C:\Windows\SYSTEM32\ntdll.dll
0x0000000077960000 - 0x0000000077a7f000 	C:\Windows\system32\kernel32.dll
0x000007fefde30000 - 0x000007fefde9b000 	C:\Windows\system32\KERNELBASE.dll
0x0000000075820000 - 0x00000000758a7000 	C:\Windows\System32\SYSFER.DLL
0x000007feffa20000 - 0x000007feffafb000 	C:\Windows\system32\ADVAPI32.dll
0x000007fefeb50000 - 0x000007fefebef000 	C:\Windows\system32\msvcrt.dll
0x000007fefe270000 - 0x000007fefe28f000 	C:\Windows\SYSTEM32\sechost.dll
0x000007fefe310000 - 0x000007fefe43d000 	C:\Windows\system32\RPCRT4.dll
0x0000000077a80000 - 0x0000000077b7a000 	C:\Windows\system32\USER32.dll
0x000007fefe7d0000 - 0x000007fefe837000 	C:\Windows\system32\GDI32.dll
0x000007fefea20000 - 0x000007fefea2e000 	C:\Windows\system32\LPK.dll
0x000007fefe1a0000 - 0x000007fefe269000 	C:\Windows\system32\USP10.dll
0x000007fefc470000 - 0x000007fefc664000 	C:\Windows\WinSxS\amd64_microsoft.windows.common-controls_6595b64144ccf1df_6.0.7601.17514_none_fa396087175ac9ac\COMCTL32.dll
0x000007fefdea0000 - 0x000007fefdf11000 	C:\Windows\system32\SHLWAPI.dll
0x000007fefe2e0000 - 0x000007fefe30e000 	C:\Windows\system32\IMM32.DLL
0x000007fefdfb0000 - 0x000007fefe0b9000 	C:\Windows\system32\MSCTF.dll
0x000000006b0a0000 - 0x000000006b172000 	C:\Program Files\Java\jdk1.8.0_45\jre\bin\msvcr100.dll
0x0000000074ac0000 - 0x0000000075343000 	C:\Program Files\Java\jdk1.8.0_45\jre\bin\server\jvm.dll
0x000007fefc460000 - 0x000007fefc469000 	C:\Windows\system32\WSOCK32.dll
0x000007fefe290000 - 0x000007fefe2dd000 	C:\Windows\system32\WS2_32.dll
0x000007fefdfa0000 - 0x000007fefdfa8000 	C:\Windows\system32\NSI.dll
0x000007fefb710000 - 0x000007fefb74b000 	C:\Windows\system32\WINMM.dll
0x000007fefccc0000 - 0x000007fefcccc000 	C:\Windows\system32\VERSION.dll
0x0000000077d40000 - 0x0000000077d47000 	C:\Windows\system32\PSAPI.DLL
0x0000000074a90000 - 0x0000000074a9f000 	C:\Program Files\Java\jdk1.8.0_45\jre\bin\verify.dll
0x0000000074a60000 - 0x0000000074a89000 	C:\Program Files\Java\jdk1.8.0_45\jre\bin\java.dll
0x0000000074a40000 - 0x0000000074a56000 	C:\Program Files\Java\jdk1.8.0_45\jre\bin\zip.dll
0x000007fefebf0000 - 0x000007feff978000 	C:\Windows\system32\SHELL32.dll
0x000007fefe440000 - 0x000007fefe643000 	C:\Windows\system32\ole32.dll
0x000007fefdad0000 - 0x000007fefdadf000 	C:\Windows\system32\profapi.dll
0x000007feecce0000 - 0x000007feece05000 	C:\Windows\system32\dbghelp.dll

VM Arguments:
jvm_args: -Djava.awt.headless=true -Xmx1024M -Dfile.encoding=windows-1252 -Duser.country=US -Duser.language=en -Duser.variant 
java_command: com.android.dx.command.Main --dex --force-jumbo --num-threads=4 --output C:\Mangesh\AndroidSetup\FuelTrakWorkspace\FuelSecure\app\build\intermediates\pre-dexed\debug\com.android.support-appcompat-v7-23.2.1_14b523bae08b511de677401ec225bc741253ff02.jar C:\Mangesh\AndroidSetup\FuelTrakWorkspace\FuelSecure\app\build\intermediates\exploded-aar\com.android.support\appcompat-v7\23.2.1\jars\classes.jar
java_class_path (initial): C:\Mangesh\AndroidStudio\SDK52GB\Android\sdk\build-tools\23.0.3\lib\dx.jar
Launcher Type: SUN_STANDARD

Environment Variables:
JAVA_HOME=C:\Program Files\Java\jdk1.8.0_45
JRE_HOME=C:\Program Files\Java\jre1.8.0_45
CLASSPATH=C:\Program Files\Java\jdk1.8.0_45\bin;C:\Program Files\Java\jre1.8.0_45\bin;C:\Program Files\apache-tomcat-7.0.69\lib;
PATH=C:\ProgramData\Oracle\Java\javapath;C:\Windows\system32;C:\Windows;C:\Windows\System32\Wbem;C:\Windows\System32\WindowsPowerShell\v1.0\;C:\Program Files\Intel\DMIX;C:\Program Files (x86)\Microsoft SDKs\TypeScript\1.0\;C:\Program Files (x86)\Microsoft SQL Server\110\Tools\Binn\;C:\Program Files (x86)\Microsoft SQL Server\110\DTS\Binn\;C:\Program Files (x86)\Microsoft SQL Server\110\Tools\Binn\ManagementStudio\;C:\Program Files (x86)\Microsoft Visual Studio 10.0\Common7\IDE\PrivateAssemblies\;C:\Program Files (x86)\Skype\Phone\
USERNAME=Administrator
OS=Windows_NT
PROCESSOR_IDENTIFIER=Intel64 Family 6 Model 37 Stepping 5, GenuineIntel



---------------  S Y S T E M  ---------------

OS: Windows 7 , 64 bit Build 7601 (6.1.7601.17514)

CPU:total 4 (2 cores per cpu, 2 threads per core) family 6 model 37 stepping 5, cmov, cx8, fxsr, mmx, sse, sse2, sse3, ssse3, sse4.1, sse4.2, popcnt, ht, tsc, tscinvbit

Memory: 4k page, physical 8181064k(2351992k free), swap 16360284k(9850488k free)

vm_info: Java HotSpot(TM) 64-Bit Server VM (25.45-b02) for windows-amd64 JRE (1.8.0_45-b14), built on Apr 10 2015 10:34:15 by "java_re" with MS VC++ 10.0 (VS2010)

time: Mon May 23 19:10:41 2016
elapsed time: 6 seconds (0d 0h 0m 6s)

